<?xml version="1.0" encoding="UTF-8"?>
<testsuite name="de.cyface.MessboxServerApplicationTests" tests="1" skipped="0" failures="0" errors="0" timestamp="2017-06-19T16:23:07" hostname="LAPTOP-QU4DF8U6" time="0.035">
  <properties/>
  <testcase name="contextLoads" classname="de.cyface.MessboxServerApplicationTests" time="0.035"/>
  <system-out><![CDATA[21:53:04.145 [Test worker] DEBUG org.springframework.test.context.junit4.SpringJUnit4ClassRunner - SpringJUnit4ClassRunner constructor called with [class de.cyface.MessboxServerApplicationTests]
21:53:04.154 [Test worker] DEBUG org.springframework.test.context.BootstrapUtils - Instantiating CacheAwareContextLoaderDelegate from class [org.springframework.test.context.cache.DefaultCacheAwareContextLoaderDelegate]
21:53:04.167 [Test worker] DEBUG org.springframework.test.context.BootstrapUtils - Instantiating BootstrapContext using constructor [public org.springframework.test.context.support.DefaultBootstrapContext(java.lang.Class,org.springframework.test.context.CacheAwareContextLoaderDelegate)]
21:53:04.196 [Test worker] DEBUG org.springframework.test.context.BootstrapUtils - Instantiating TestContextBootstrapper for test class [de.cyface.MessboxServerApplicationTests] from class [org.springframework.boot.test.context.SpringBootTestContextBootstrapper]
21:53:04.213 [Test worker] INFO org.springframework.boot.test.context.SpringBootTestContextBootstrapper - Neither @ContextConfiguration nor @ContextHierarchy found for test class [de.cyface.MessboxServerApplicationTests], using SpringBootContextLoader
21:53:04.218 [Test worker] DEBUG org.springframework.test.context.support.AbstractContextLoader - Did not detect default resource location for test class [de.cyface.MessboxServerApplicationTests]: class path resource [de/cyface/MessboxServerApplicationTests-context.xml] does not exist
21:53:04.219 [Test worker] DEBUG org.springframework.test.context.support.AbstractContextLoader - Did not detect default resource location for test class [de.cyface.MessboxServerApplicationTests]: class path resource [de/cyface/MessboxServerApplicationTestsContext.groovy] does not exist
21:53:04.219 [Test worker] INFO org.springframework.test.context.support.AbstractContextLoader - Could not detect default resource locations for test class [de.cyface.MessboxServerApplicationTests]: no resource found for suffixes {-context.xml, Context.groovy}.
21:53:04.220 [Test worker] INFO org.springframework.test.context.support.AnnotationConfigContextLoaderUtils - Could not detect default configuration classes for test class [de.cyface.MessboxServerApplicationTests]: MessboxServerApplicationTests does not declare any static, non-private, non-final, nested classes annotated with @Configuration.
21:53:04.374 [Test worker] DEBUG org.springframework.test.context.support.ActiveProfilesUtils - Could not find an 'annotation declaring class' for annotation type [org.springframework.test.context.ActiveProfiles] and class [de.cyface.MessboxServerApplicationTests]
21:53:04.456 [Test worker] DEBUG org.springframework.core.env.StandardEnvironment - Adding [systemProperties] PropertySource with lowest search precedence
21:53:04.456 [Test worker] DEBUG org.springframework.core.env.StandardEnvironment - Adding [systemEnvironment] PropertySource with lowest search precedence
21:53:04.456 [Test worker] DEBUG org.springframework.core.env.StandardEnvironment - Initialized StandardEnvironment with PropertySources [systemProperties,systemEnvironment]
21:53:04.477 [Test worker] DEBUG org.springframework.core.io.support.PathMatchingResourcePatternResolver - Resolved classpath location [de/cyface/] to resources [URL [file:/C:/Users/goget/Documents/GitHub/freematics-server/build/classes/test/de/cyface/], URL [file:/C:/Users/goget/Documents/GitHub/freematics-server/build/classes/main/de/cyface/]]
21:53:04.478 [Test worker] DEBUG org.springframework.core.io.support.PathMatchingResourcePatternResolver - Looking for matching resources in directory tree [C:\Users\goget\Documents\GitHub\freematics-server\build\classes\test\de\cyface]
21:53:04.478 [Test worker] DEBUG org.springframework.core.io.support.PathMatchingResourcePatternResolver - Searching directory [C:\Users\goget\Documents\GitHub\freematics-server\build\classes\test\de\cyface] for files matching pattern [C:/Users/goget/Documents/GitHub/freematics-server/build/classes/test/de/cyface/*.class]
21:53:04.483 [Test worker] DEBUG org.springframework.core.io.support.PathMatchingResourcePatternResolver - Looking for matching resources in directory tree [C:\Users\goget\Documents\GitHub\freematics-server\build\classes\main\de\cyface]
21:53:04.484 [Test worker] DEBUG org.springframework.core.io.support.PathMatchingResourcePatternResolver - Searching directory [C:\Users\goget\Documents\GitHub\freematics-server\build\classes\main\de\cyface] for files matching pattern [C:/Users/goget/Documents/GitHub/freematics-server/build/classes/main/de/cyface/*.class]
21:53:04.484 [Test worker] DEBUG org.springframework.core.io.support.PathMatchingResourcePatternResolver - Resolved location pattern [classpath*:de/cyface/*.class] to resources [file [C:\Users\goget\Documents\GitHub\freematics-server\build\classes\test\de\cyface\MessboxServerApplicationTests.class], file [C:\Users\goget\Documents\GitHub\freematics-server\build\classes\main\de\cyface\MessboxServerApplication.class]]
21:53:04.575 [Test worker] DEBUG org.springframework.context.annotation.ClassPathScanningCandidateComponentProvider - Identified candidate component class: file [C:\Users\goget\Documents\GitHub\freematics-server\build\classes\main\de\cyface\MessboxServerApplication.class]
21:53:04.577 [Test worker] INFO org.springframework.boot.test.context.SpringBootTestContextBootstrapper - Found @SpringBootConfiguration de.cyface.MessboxServerApplication for test class de.cyface.MessboxServerApplicationTests
21:53:04.585 [Test worker] DEBUG org.springframework.boot.test.context.SpringBootTestContextBootstrapper - @TestExecutionListeners is not present for class [de.cyface.MessboxServerApplicationTests]: using defaults.
21:53:04.590 [Test worker] INFO org.springframework.boot.test.context.SpringBootTestContextBootstrapper - Loaded default TestExecutionListener class names from location [META-INF/spring.factories]: [org.springframework.boot.test.mock.mockito.MockitoTestExecutionListener, org.springframework.boot.test.mock.mockito.ResetMocksTestExecutionListener, org.springframework.boot.test.autoconfigure.AutoConfigureReportTestExecutionListener, org.springframework.boot.test.autoconfigure.restdocs.RestDocsTestExecutionListener, org.springframework.boot.test.autoconfigure.web.client.MockRestServiceServerResetTestExecutionListener, org.springframework.test.context.web.ServletTestExecutionListener, org.springframework.test.context.support.DirtiesContextBeforeModesTestExecutionListener, org.springframework.test.context.support.DependencyInjectionTestExecutionListener, org.springframework.test.context.support.DirtiesContextTestExecutionListener, org.springframework.test.context.transaction.TransactionalTestExecutionListener, org.springframework.test.context.jdbc.SqlScriptsTestExecutionListener]
21:53:04.630 [Test worker] INFO org.springframework.boot.test.context.SpringBootTestContextBootstrapper - Could not instantiate TestExecutionListener [org.springframework.test.context.transaction.TransactionalTestExecutionListener]. Specify custom listener classes or make the default listener classes (and their required dependencies) available. Offending class: [org/springframework/transaction/interceptor/TransactionAttributeSource]
21:53:04.635 [Test worker] INFO org.springframework.boot.test.context.SpringBootTestContextBootstrapper - Could not instantiate TestExecutionListener [org.springframework.test.context.jdbc.SqlScriptsTestExecutionListener]. Specify custom listener classes or make the default listener classes (and their required dependencies) available. Offending class: [org/springframework/transaction/interceptor/TransactionAttribute]
21:53:04.635 [Test worker] INFO org.springframework.boot.test.context.SpringBootTestContextBootstrapper - Using TestExecutionListeners: [org.springframework.test.context.web.ServletTestExecutionListener@20d467e9, org.springframework.test.context.support.DirtiesContextBeforeModesTestExecutionListener@28f11d81, org.springframework.boot.test.autoconfigure.AutoConfigureReportTestExecutionListener@5569c3b, org.springframework.test.context.support.DependencyInjectionTestExecutionListener@5b20368b, org.springframework.test.context.support.DirtiesContextTestExecutionListener@5848f929, org.springframework.boot.test.autoconfigure.web.client.MockRestServiceServerResetTestExecutionListener@7875eab4, org.springframework.boot.test.autoconfigure.restdocs.RestDocsTestExecutionListener@497306c5, org.springframework.boot.test.mock.mockito.MockitoTestExecutionListener@13bdf50e, org.springframework.boot.test.mock.mockito.ResetMocksTestExecutionListener@ca3c7e1]
21:53:04.674 [Test worker] DEBUG org.springframework.test.annotation.ProfileValueUtils - Retrieved @ProfileValueSourceConfiguration [null] for test class [de.cyface.MessboxServerApplicationTests]
21:53:04.675 [Test worker] DEBUG org.springframework.test.annotation.ProfileValueUtils - Retrieved ProfileValueSource type [class org.springframework.test.annotation.SystemProfileValueSource] for class [de.cyface.MessboxServerApplicationTests]
21:53:04.695 [Test worker] DEBUG org.springframework.test.annotation.ProfileValueUtils - Retrieved @ProfileValueSourceConfiguration [null] for test class [de.cyface.MessboxServerApplicationTests]
21:53:04.695 [Test worker] DEBUG org.springframework.test.annotation.ProfileValueUtils - Retrieved ProfileValueSource type [class org.springframework.test.annotation.SystemProfileValueSource] for class [de.cyface.MessboxServerApplicationTests]
21:53:04.701 [Test worker] DEBUG org.springframework.test.context.support.AbstractDirtiesContextTestExecutionListener - Before test class: context [DefaultTestContext@4b857a99 testClass = MessboxServerApplicationTests, testInstance = [null], testMethod = [null], testException = [null], mergedContextConfiguration = [WebMergedContextConfiguration@7765ee59 testClass = MessboxServerApplicationTests, locations = '{}', classes = '{class de.cyface.MessboxServerApplication}', contextInitializerClasses = '[]', activeProfiles = '{}', propertySourceLocations = '{}', propertySourceProperties = '{org.springframework.boot.test.context.SpringBootTestContextBootstrapper=true}', contextCustomizers = set[org.springframework.boot.test.context.SpringBootTestContextCustomizer@6726e7e7, org.springframework.boot.test.context.filter.ExcludeFilterContextCustomizer@74c8afe5, org.springframework.boot.test.mock.mockito.MockitoContextCustomizer@0, org.springframework.boot.test.autoconfigure.properties.PropertyMappingContextCustomizer@0], resourceBasePath = 'src/main/webapp', contextLoader = 'org.springframework.boot.test.context.SpringBootContextLoader', parent = [null]]], class annotated with @DirtiesContext [false] with mode [null].
21:53:04.702 [Test worker] DEBUG org.springframework.test.annotation.ProfileValueUtils - Retrieved @ProfileValueSourceConfiguration [null] for test class [de.cyface.MessboxServerApplicationTests]
21:53:04.702 [Test worker] DEBUG org.springframework.test.annotation.ProfileValueUtils - Retrieved ProfileValueSource type [class org.springframework.test.annotation.SystemProfileValueSource] for class [de.cyface.MessboxServerApplicationTests]
21:53:04.745 [Test worker] DEBUG org.springframework.core.env.StandardEnvironment - Adding [systemProperties] PropertySource with lowest search precedence
21:53:04.745 [Test worker] DEBUG org.springframework.core.env.StandardEnvironment - Adding [systemEnvironment] PropertySource with lowest search precedence
21:53:04.745 [Test worker] DEBUG org.springframework.core.env.StandardEnvironment - Initialized StandardEnvironment with PropertySources [systemProperties,systemEnvironment]
21:53:04.746 [Test worker] DEBUG org.springframework.test.context.support.TestPropertySourceUtils - Adding inlined properties to environment: {spring.jmx.enabled=false, org.springframework.boot.test.context.SpringBootTestContextBootstrapper=true, server.port=-1}
21:53:04.747 [Test worker] DEBUG org.springframework.core.env.StandardEnvironment - Adding [Inlined Test Properties] PropertySource with highest search precedence

  .   ____          _            __ _ _
 /\\ / ___'_ __ _ _(_)_ __  __ _ \ \ \ \
( ( )\___ | '_ | '_| | '_ \/ _` | \ \ \ \
 \\/  ___)| |_)| | | | | || (_| |  ) ) ) )
  '  |____| .__|_| |_|_| |_\__, | / / / /
 =========|_|==============|___/=/_/_/_/
 :: Spring Boot ::        (v1.4.0.RELEASE)

2017-06-19 21:53:05.365  INFO 12332 --- [    Test worker] de.cyface.MessboxServerApplicationTests  : Starting MessboxServerApplicationTests on LAPTOP-QU4DF8U6 with PID 12332 (started by gogetoss4 in C:\Users\goget\Documents\GitHub\freematics-server)
2017-06-19 21:53:05.367 DEBUG 12332 --- [    Test worker] de.cyface.MessboxServerApplicationTests  : Running with Spring Boot v1.4.0.RELEASE, Spring v4.3.2.RELEASE
2017-06-19 21:53:05.367  INFO 12332 --- [    Test worker] de.cyface.MessboxServerApplicationTests  : No active profile set, falling back to default profiles: default
2017-06-19 21:53:05.418  INFO 12332 --- [    Test worker] o.s.w.c.s.GenericWebApplicationContext   : Refreshing org.springframework.web.context.support.GenericWebApplicationContext@4195258a: startup date [Mon Jun 19 21:53:05 IST 2017]; root of context hierarchy
2017-06-19 21:53:07.262  INFO 12332 --- [    Test worker] s.w.s.m.m.a.RequestMappingHandlerAdapter : Looking for @ControllerAdvice: org.springframework.web.context.support.GenericWebApplicationContext@4195258a: startup date [Mon Jun 19 21:53:05 IST 2017]; root of context hierarchy
2017-06-19 21:53:07.348  INFO 12332 --- [    Test worker] s.w.s.m.m.a.RequestMappingHandlerMapping : Mapped "{[/push],methods=[GET]}" onto public java.lang.String de.cyface.obd2.controller.Obd2Controller.push(java.lang.String)
2017-06-19 21:53:07.349  INFO 12332 --- [    Test worker] s.w.s.m.m.a.RequestMappingHandlerMapping : Mapped "{[/],methods=[GET]}" onto public void de.cyface.obd2.controller.Obd2Controller.root(java.io.Writer) throws java.io.IOException
2017-06-19 21:53:07.350  INFO 12332 --- [    Test worker] s.w.s.m.m.a.RequestMappingHandlerMapping : Mapped "{[/tests],methods=[POST]}" onto public void de.cyface.obd2.controller.Obd2Controller.tests(java.lang.String)
2017-06-19 21:53:07.350  INFO 12332 --- [    Test worker] s.w.s.m.m.a.RequestMappingHandlerMapping : Mapped "{[/post],methods=[POST]}" onto public void de.cyface.obd2.controller.Obd2Controller.post(java.lang.String,int)
2017-06-19 21:53:07.353  INFO 12332 --- [    Test worker] s.w.s.m.m.a.RequestMappingHandlerMapping : Mapped "{[/error]}" onto public org.springframework.http.ResponseEntity<java.util.Map<java.lang.String, java.lang.Object>> org.springframework.boot.autoconfigure.web.BasicErrorController.error(javax.servlet.http.HttpServletRequest)
2017-06-19 21:53:07.353  INFO 12332 --- [    Test worker] s.w.s.m.m.a.RequestMappingHandlerMapping : Mapped "{[/error],produces=[text/html]}" onto public org.springframework.web.servlet.ModelAndView org.springframework.boot.autoconfigure.web.BasicErrorController.errorHtml(javax.servlet.http.HttpServletRequest,javax.servlet.http.HttpServletResponse)
2017-06-19 21:53:07.390  INFO 12332 --- [    Test worker] o.s.w.s.handler.SimpleUrlHandlerMapping  : Mapped URL path [/webjars/**] onto handler of type [class org.springframework.web.servlet.resource.ResourceHttpRequestHandler]
2017-06-19 21:53:07.390  INFO 12332 --- [    Test worker] o.s.w.s.handler.SimpleUrlHandlerMapping  : Mapped URL path [/**] onto handler of type [class org.springframework.web.servlet.resource.ResourceHttpRequestHandler]
2017-06-19 21:53:07.442  INFO 12332 --- [    Test worker] o.s.w.s.handler.SimpleUrlHandlerMapping  : Mapped URL path [/**/favicon.ico] onto handler of type [class org.springframework.web.servlet.resource.ResourceHttpRequestHandler]
2017-06-19 21:53:07.615  INFO 12332 --- [    Test worker] de.cyface.MessboxServerApplicationTests  : Started MessboxServerApplicationTests in 2.847 seconds (JVM running for 4.617)
]]></system-out>
  <system-err><![CDATA[]]></system-err>
</testsuite>
