<?xml version="1.0" encoding="UTF-8"?>
<testsuite name="de.cyface.obd2.controller.Obd2PushControllerTest" tests="2" skipped="0" failures="0" errors="0" timestamp="2017-04-27T18:04:46" hostname="LAPTOP-QU4DF8U6" time="0.021">
  <properties/>
  <testcase name="testPushWithCorrectVin" classname="de.cyface.obd2.controller.Obd2PushControllerTest" time="0.011"/>
  <testcase name="testPushWithMissingVin" classname="de.cyface.obd2.controller.Obd2PushControllerTest" time="0.008"/>
  <system-out><![CDATA[2017-04-27 23:34:46.212  INFO 11648 --- [    Test worker] .b.t.a.w.s.WebMvcTestContextBootstrapper : Neither @ContextConfiguration nor @ContextHierarchy found for test class [de.cyface.obd2.controller.Obd2PushControllerTest], using SpringBootContextLoader
2017-04-27 23:34:46.212  INFO 11648 --- [    Test worker] o.s.t.c.support.AbstractContextLoader    : Could not detect default resource locations for test class [de.cyface.obd2.controller.Obd2PushControllerTest]: no resource found for suffixes {-context.xml, Context.groovy}.
2017-04-27 23:34:46.213  INFO 11648 --- [    Test worker] t.c.s.AnnotationConfigContextLoaderUtils : Could not detect default configuration classes for test class [de.cyface.obd2.controller.Obd2PushControllerTest]: Obd2PushControllerTest does not declare any static, non-private, non-final, nested classes annotated with @Configuration.
2017-04-27 23:34:46.218  INFO 11648 --- [    Test worker] .b.t.c.SpringBootTestContextBootstrapper : Found @SpringBootConfiguration de.cyface.MessboxServerApplication for test class de.cyface.obd2.controller.Obd2PushControllerTest
2017-04-27 23:34:46.220  INFO 11648 --- [    Test worker] .b.t.a.w.s.WebMvcTestContextBootstrapper : Loaded default TestExecutionListener class names from location [META-INF/spring.factories]: [org.springframework.boot.test.mock.mockito.MockitoTestExecutionListener, org.springframework.boot.test.mock.mockito.ResetMocksTestExecutionListener, org.springframework.boot.test.autoconfigure.AutoConfigureReportTestExecutionListener, org.springframework.boot.test.autoconfigure.restdocs.RestDocsTestExecutionListener, org.springframework.boot.test.autoconfigure.web.client.MockRestServiceServerResetTestExecutionListener, org.springframework.test.context.web.ServletTestExecutionListener, org.springframework.test.context.support.DirtiesContextBeforeModesTestExecutionListener, org.springframework.test.context.support.DependencyInjectionTestExecutionListener, org.springframework.test.context.support.DirtiesContextTestExecutionListener, org.springframework.test.context.transaction.TransactionalTestExecutionListener, org.springframework.test.context.jdbc.SqlScriptsTestExecutionListener]
2017-04-27 23:34:46.221  INFO 11648 --- [    Test worker] .b.t.a.w.s.WebMvcTestContextBootstrapper : Could not instantiate TestExecutionListener [org.springframework.test.context.jdbc.SqlScriptsTestExecutionListener]. Specify custom listener classes or make the default listener classes (and their required dependencies) available. Offending class: [org/springframework/transaction/interceptor/TransactionAttribute]
2017-04-27 23:34:46.222  INFO 11648 --- [    Test worker] .b.t.a.w.s.WebMvcTestContextBootstrapper : Could not instantiate TestExecutionListener [org.springframework.test.context.transaction.TransactionalTestExecutionListener]. Specify custom listener classes or make the default listener classes (and their required dependencies) available. Offending class: [org/springframework/transaction/interceptor/TransactionAttributeSource]
2017-04-27 23:34:46.222  INFO 11648 --- [    Test worker] .b.t.a.w.s.WebMvcTestContextBootstrapper : Using TestExecutionListeners: [org.springframework.test.context.web.ServletTestExecutionListener@4453ecdd, org.springframework.test.context.support.DirtiesContextBeforeModesTestExecutionListener@5c304f7a, org.springframework.boot.test.autoconfigure.AutoConfigureReportTestExecutionListener@25587fb7, org.springframework.test.context.support.DependencyInjectionTestExecutionListener@64502114, org.springframework.test.context.support.DirtiesContextTestExecutionListener@3fbe1c47, org.springframework.boot.test.mock.mockito.MockitoTestExecutionListener@61abdf55, org.springframework.boot.test.autoconfigure.web.client.MockRestServiceServerResetTestExecutionListener@768a110, org.springframework.boot.test.mock.mockito.ResetMocksTestExecutionListener@62d56868, org.springframework.boot.test.autoconfigure.restdocs.RestDocsTestExecutionListener@2dc61c51]

  .   ____          _            __ _ _
 /\\ / ___'_ __ _ _(_)_ __  __ _ \ \ \ \
( ( )\___ | '_ | '_| | '_ \/ _` | \ \ \ \
 \\/  ___)| |_)| | | | | || (_| |  ) ) ) )
  '  |____| .__|_| |_|_| |_\__, | / / / /
 =========|_|==============|___/=/_/_/_/
 :: Spring Boot ::        (v1.4.0.RELEASE)

2017-04-27 23:34:46.267  INFO 11648 --- [    Test worker] d.c.o.controller.Obd2PushControllerTest  : Starting Obd2PushControllerTest on LAPTOP-QU4DF8U6 with PID 11648 (started by gogetoss4 in C:\Users\goget\Documents\GitHub\freematics-server)
2017-04-27 23:34:46.267 DEBUG 11648 --- [    Test worker] d.c.o.controller.Obd2PushControllerTest  : Running with Spring Boot v1.4.0.RELEASE, Spring v4.3.2.RELEASE
2017-04-27 23:34:46.267  INFO 11648 --- [    Test worker] d.c.o.controller.Obd2PushControllerTest  : No active profile set, falling back to default profiles: default
2017-04-27 23:34:46.269  INFO 11648 --- [    Test worker] o.s.w.c.s.GenericWebApplicationContext   : Refreshing org.springframework.web.context.support.GenericWebApplicationContext@5a4579f6: startup date [Thu Apr 27 23:34:46 IST 2017]; root of context hierarchy
2017-04-27 23:34:46.522  INFO 11648 --- [    Test worker] s.w.s.m.m.a.RequestMappingHandlerAdapter : Looking for @ControllerAdvice: org.springframework.web.context.support.GenericWebApplicationContext@5a4579f6: startup date [Thu Apr 27 23:34:46 IST 2017]; root of context hierarchy
2017-04-27 23:34:46.534  INFO 11648 --- [    Test worker] s.w.s.m.m.a.RequestMappingHandlerMapping : Mapped "{[/push],methods=[GET]}" onto public java.lang.String de.cyface.obd2.controller.Obd2Controller.push(java.lang.String)
2017-04-27 23:34:46.534  INFO 11648 --- [    Test worker] s.w.s.m.m.a.RequestMappingHandlerMapping : Mapped "{[/],methods=[GET]}" onto public void de.cyface.obd2.controller.Obd2Controller.root(java.io.Writer) throws java.io.IOException
2017-04-27 23:34:46.534  INFO 11648 --- [    Test worker] s.w.s.m.m.a.RequestMappingHandlerMapping : Mapped "{[/post],methods=[POST]}" onto public void de.cyface.obd2.controller.Obd2Controller.post(java.lang.String,int)
2017-04-27 23:34:46.534  INFO 11648 --- [    Test worker] s.w.s.m.m.a.RequestMappingHandlerMapping : Mapped "{[/tests],methods=[POST]}" onto public void de.cyface.obd2.controller.Obd2Controller.tests(java.lang.String)
2017-04-27 23:34:46.557  INFO 11648 --- [    Test worker] o.s.w.s.handler.SimpleUrlHandlerMapping  : Mapped URL path [/webjars/**] onto handler of type [class org.springframework.web.servlet.resource.ResourceHttpRequestHandler]
2017-04-27 23:34:46.557  INFO 11648 --- [    Test worker] o.s.w.s.handler.SimpleUrlHandlerMapping  : Mapped URL path [/**] onto handler of type [class org.springframework.web.servlet.resource.ResourceHttpRequestHandler]
2017-04-27 23:34:46.580  INFO 11648 --- [    Test worker] o.s.w.s.handler.SimpleUrlHandlerMapping  : Mapped URL path [/**/favicon.ico] onto handler of type [class org.springframework.web.servlet.resource.ResourceHttpRequestHandler]
2017-04-27 23:34:46.623  INFO 11648 --- [    Test worker] o.s.b.t.m.w.SpringBootMockServletContext : Initializing Spring FrameworkServlet ''
2017-04-27 23:34:46.623  INFO 11648 --- [    Test worker] o.s.t.web.servlet.TestDispatcherServlet  : FrameworkServlet '': initialization started
2017-04-27 23:34:46.630  INFO 11648 --- [    Test worker] o.s.t.web.servlet.TestDispatcherServlet  : FrameworkServlet '': initialization completed in 7 ms
2017-04-27 23:34:46.689  INFO 11648 --- [    Test worker] d.c.o.controller.Obd2PushControllerTest  : Started Obd2PushControllerTest in 0.462 seconds (JVM running for 5.839)
2017-04-27 23:34:46.695 DEBUG 11648 --- [    Test worker] d.cyface.obd2.controller.Obd2Controller  : Received request for new Channel with VIN {}.
2017-04-27 23:34:46.695 DEBUG 11648 --- [    Test worker] d.cyface.obd2.controller.Obd2Controller  : New channel with identifier 0 assigned to VIN vin.

MockHttpServletRequest:
      HTTP Method = GET
      Request URI = /push
       Parameters = {VIN=[vin]}
          Headers = {}

Handler:
             Type = de.cyface.obd2.controller.Obd2Controller
           Method = public java.lang.String de.cyface.obd2.controller.Obd2Controller.push(java.lang.String)

Async:
    Async started = false
     Async result = null

Resolved Exception:
             Type = null

ModelAndView:
        View name = null
             View = null
            Model = null

FlashMap:
       Attributes = null

MockHttpServletResponse:
           Status = 200
    Error message = null
          Headers = {Content-Type=[text/plain;charset=UTF-8], Content-Length=[4]}
     Content type = text/plain;charset=UTF-8
             Body = CH:0
    Forwarded URL = null
   Redirected URL = null
          Cookies = []

MockHttpServletRequest:
      HTTP Method = GET
      Request URI = /push
       Parameters = {}
          Headers = {}

Handler:
             Type = de.cyface.obd2.controller.Obd2Controller
           Method = public java.lang.String de.cyface.obd2.controller.Obd2Controller.push(java.lang.String)

Async:
    Async started = false
     Async result = null

Resolved Exception:
             Type = org.springframework.web.bind.MissingServletRequestParameterException

ModelAndView:
        View name = null
             View = null
            Model = null

FlashMap:
       Attributes = null

MockHttpServletResponse:
           Status = 400
    Error message = Required String parameter 'VIN' is not present
          Headers = {}
     Content type = null
             Body = 
    Forwarded URL = null
   Redirected URL = null
          Cookies = []
]]></system-out>
  <system-err><![CDATA[]]></system-err>
</testsuite>
