<?xml version="1.0" encoding="UTF-8"?>
<testsuite name="de.cyface.obd2.controller.Obd2RootControllerTest" tests="1" skipped="0" failures="0" errors="0" timestamp="2017-06-19T16:23:10" hostname="LAPTOP-QU4DF8U6" time="0.321">
  <properties/>
  <testcase name="testRootControllerOutput" classname="de.cyface.obd2.controller.Obd2RootControllerTest" time="0.321"/>
  <system-out><![CDATA[2017-06-19 21:53:09.302  INFO 12332 --- [    Test worker] .b.t.c.SpringBootTestContextBootstrapper : Neither @ContextConfiguration nor @ContextHierarchy found for test class [de.cyface.obd2.controller.Obd2RootControllerTest], using SpringBootContextLoader
2017-06-19 21:53:09.302  INFO 12332 --- [    Test worker] o.s.t.c.support.AbstractContextLoader    : Could not detect default resource locations for test class [de.cyface.obd2.controller.Obd2RootControllerTest]: no resource found for suffixes {-context.xml, Context.groovy}.
2017-06-19 21:53:09.303  INFO 12332 --- [    Test worker] t.c.s.AnnotationConfigContextLoaderUtils : Could not detect default configuration classes for test class [de.cyface.obd2.controller.Obd2RootControllerTest]: Obd2RootControllerTest does not declare any static, non-private, non-final, nested classes annotated with @Configuration.
2017-06-19 21:53:09.306  INFO 12332 --- [    Test worker] .b.t.c.SpringBootTestContextBootstrapper : Found @SpringBootConfiguration de.cyface.MessboxServerApplication for test class de.cyface.obd2.controller.Obd2RootControllerTest
2017-06-19 21:53:09.309  INFO 12332 --- [    Test worker] .b.t.c.SpringBootTestContextBootstrapper : Loaded default TestExecutionListener class names from location [META-INF/spring.factories]: [org.springframework.boot.test.mock.mockito.MockitoTestExecutionListener, org.springframework.boot.test.mock.mockito.ResetMocksTestExecutionListener, org.springframework.boot.test.autoconfigure.AutoConfigureReportTestExecutionListener, org.springframework.boot.test.autoconfigure.restdocs.RestDocsTestExecutionListener, org.springframework.boot.test.autoconfigure.web.client.MockRestServiceServerResetTestExecutionListener, org.springframework.test.context.web.ServletTestExecutionListener, org.springframework.test.context.support.DirtiesContextBeforeModesTestExecutionListener, org.springframework.test.context.support.DependencyInjectionTestExecutionListener, org.springframework.test.context.support.DirtiesContextTestExecutionListener, org.springframework.test.context.transaction.TransactionalTestExecutionListener, org.springframework.test.context.jdbc.SqlScriptsTestExecutionListener]
2017-06-19 21:53:09.310  INFO 12332 --- [    Test worker] .b.t.c.SpringBootTestContextBootstrapper : Could not instantiate TestExecutionListener [org.springframework.test.context.transaction.TransactionalTestExecutionListener]. Specify custom listener classes or make the default listener classes (and their required dependencies) available. Offending class: [org/springframework/transaction/interceptor/TransactionAttributeSource]
2017-06-19 21:53:09.311  INFO 12332 --- [    Test worker] .b.t.c.SpringBootTestContextBootstrapper : Could not instantiate TestExecutionListener [org.springframework.test.context.jdbc.SqlScriptsTestExecutionListener]. Specify custom listener classes or make the default listener classes (and their required dependencies) available. Offending class: [org/springframework/transaction/interceptor/TransactionAttribute]
2017-06-19 21:53:09.311  INFO 12332 --- [    Test worker] .b.t.c.SpringBootTestContextBootstrapper : Using TestExecutionListeners: [org.springframework.test.context.web.ServletTestExecutionListener@2a1b9691, org.springframework.test.context.support.DirtiesContextBeforeModesTestExecutionListener@b550203, org.springframework.boot.test.autoconfigure.AutoConfigureReportTestExecutionListener@f4177e1, org.springframework.test.context.support.DependencyInjectionTestExecutionListener@7d5a14e3, org.springframework.test.context.support.DirtiesContextTestExecutionListener@b83bac7, org.springframework.boot.test.autoconfigure.web.client.MockRestServiceServerResetTestExecutionListener@2865f4ae, org.springframework.boot.test.autoconfigure.restdocs.RestDocsTestExecutionListener@2c9f703c, org.springframework.boot.test.mock.mockito.MockitoTestExecutionListener@14f8440, org.springframework.boot.test.mock.mockito.ResetMocksTestExecutionListener@178c532c]

  .   ____          _            __ _ _
 /\\ / ___'_ __ _ _(_)_ __  __ _ \ \ \ \
( ( )\___ | '_ | '_| | '_ \/ _` | \ \ \ \
 \\/  ___)| |_)| | | | | || (_| |  ) ) ) )
  '  |____| .__|_| |_|_| |_\__, | / / / /
 =========|_|==============|___/=/_/_/_/
 :: Spring Boot ::        (v1.4.0.RELEASE)

2017-06-19 21:53:09.351  INFO 12332 --- [    Test worker] d.c.o.controller.Obd2RootControllerTest  : Starting Obd2RootControllerTest on LAPTOP-QU4DF8U6 with PID 12332 (started by gogetoss4 in C:\Users\goget\Documents\GitHub\freematics-server)
2017-06-19 21:53:09.351 DEBUG 12332 --- [    Test worker] d.c.o.controller.Obd2RootControllerTest  : Running with Spring Boot v1.4.0.RELEASE, Spring v4.3.2.RELEASE
2017-06-19 21:53:09.351  INFO 12332 --- [    Test worker] d.c.o.controller.Obd2RootControllerTest  : No active profile set, falling back to default profiles: default
2017-06-19 21:53:09.353  INFO 12332 --- [    Test worker] ationConfigEmbeddedWebApplicationContext : Refreshing org.springframework.boot.context.embedded.AnnotationConfigEmbeddedWebApplicationContext@818c881: startup date [Mon Jun 19 21:53:09 IST 2017]; root of context hierarchy
2017-06-19 21:53:09.937  INFO 12332 --- [    Test worker] s.b.c.e.t.TomcatEmbeddedServletContainer : Tomcat initialized with port(s): 0 (http)
2017-06-19 21:53:09.963  INFO 12332 --- [    Test worker] o.apache.catalina.core.StandardService   : Starting service Tomcat
2017-06-19 21:53:09.965  INFO 12332 --- [    Test worker] org.apache.catalina.core.StandardEngine  : Starting Servlet Engine: Apache Tomcat/8.5.4
2017-06-19 21:53:10.108  INFO 12332 --- [ost-startStop-1] o.a.c.c.C.[Tomcat].[localhost].[/]       : Initializing Spring embedded WebApplicationContext
2017-06-19 21:53:10.108  INFO 12332 --- [ost-startStop-1] o.s.web.context.ContextLoader            : Root WebApplicationContext: initialization completed in 755 ms
2017-06-19 21:53:10.205  INFO 12332 --- [ost-startStop-1] o.s.b.w.servlet.ServletRegistrationBean  : Mapping servlet: 'dispatcherServlet' to [/]
2017-06-19 21:53:10.211  INFO 12332 --- [ost-startStop-1] o.s.b.w.servlet.FilterRegistrationBean   : Mapping filter: 'characterEncodingFilter' to: [/*]
2017-06-19 21:53:10.212  INFO 12332 --- [ost-startStop-1] o.s.b.w.servlet.FilterRegistrationBean   : Mapping filter: 'hiddenHttpMethodFilter' to: [/*]
2017-06-19 21:53:10.212  INFO 12332 --- [ost-startStop-1] o.s.b.w.servlet.FilterRegistrationBean   : Mapping filter: 'httpPutFormContentFilter' to: [/*]
2017-06-19 21:53:10.212  INFO 12332 --- [ost-startStop-1] o.s.b.w.servlet.FilterRegistrationBean   : Mapping filter: 'requestContextFilter' to: [/*]
2017-06-19 21:53:10.396  INFO 12332 --- [    Test worker] s.w.s.m.m.a.RequestMappingHandlerAdapter : Looking for @ControllerAdvice: org.springframework.boot.context.embedded.AnnotationConfigEmbeddedWebApplicationContext@818c881: startup date [Mon Jun 19 21:53:09 IST 2017]; root of context hierarchy
2017-06-19 21:53:10.415  INFO 12332 --- [    Test worker] s.w.s.m.m.a.RequestMappingHandlerMapping : Mapped "{[/push],methods=[GET]}" onto public java.lang.String de.cyface.obd2.controller.Obd2Controller.push(java.lang.String)
2017-06-19 21:53:10.415  INFO 12332 --- [    Test worker] s.w.s.m.m.a.RequestMappingHandlerMapping : Mapped "{[/],methods=[GET]}" onto public void de.cyface.obd2.controller.Obd2Controller.root(java.io.Writer) throws java.io.IOException
2017-06-19 21:53:10.415  INFO 12332 --- [    Test worker] s.w.s.m.m.a.RequestMappingHandlerMapping : Mapped "{[/tests],methods=[POST]}" onto public void de.cyface.obd2.controller.Obd2Controller.tests(java.lang.String)
2017-06-19 21:53:10.415  INFO 12332 --- [    Test worker] s.w.s.m.m.a.RequestMappingHandlerMapping : Mapped "{[/post],methods=[POST]}" onto public void de.cyface.obd2.controller.Obd2Controller.post(java.lang.String,int)
2017-06-19 21:53:10.416  INFO 12332 --- [    Test worker] s.w.s.m.m.a.RequestMappingHandlerMapping : Mapped "{[/error]}" onto public org.springframework.http.ResponseEntity<java.util.Map<java.lang.String, java.lang.Object>> org.springframework.boot.autoconfigure.web.BasicErrorController.error(javax.servlet.http.HttpServletRequest)
2017-06-19 21:53:10.417  INFO 12332 --- [    Test worker] s.w.s.m.m.a.RequestMappingHandlerMapping : Mapped "{[/error],produces=[text/html]}" onto public org.springframework.web.servlet.ModelAndView org.springframework.boot.autoconfigure.web.BasicErrorController.errorHtml(javax.servlet.http.HttpServletRequest,javax.servlet.http.HttpServletResponse)
2017-06-19 21:53:10.437  INFO 12332 --- [    Test worker] o.s.w.s.handler.SimpleUrlHandlerMapping  : Mapped URL path [/webjars/**] onto handler of type [class org.springframework.web.servlet.resource.ResourceHttpRequestHandler]
2017-06-19 21:53:10.437  INFO 12332 --- [    Test worker] o.s.w.s.handler.SimpleUrlHandlerMapping  : Mapped URL path [/**] onto handler of type [class org.springframework.web.servlet.resource.ResourceHttpRequestHandler]
2017-06-19 21:53:10.459  INFO 12332 --- [    Test worker] o.s.w.s.handler.SimpleUrlHandlerMapping  : Mapped URL path [/**/favicon.ico] onto handler of type [class org.springframework.web.servlet.resource.ResourceHttpRequestHandler]
2017-06-19 21:53:10.584  INFO 12332 --- [    Test worker] s.b.c.e.t.TomcatEmbeddedServletContainer : Tomcat started on port(s): 58755 (http)
2017-06-19 21:53:10.586  INFO 12332 --- [    Test worker] d.c.o.controller.Obd2RootControllerTest  : Started Obd2RootControllerTest in 1.271 seconds (JVM running for 7.588)
2017-06-19 21:53:10.853  INFO 12332 --- [o-auto-1-exec-1] o.a.c.c.C.[Tomcat].[localhost].[/]       : Initializing Spring FrameworkServlet 'dispatcherServlet'
2017-06-19 21:53:10.853  INFO 12332 --- [o-auto-1-exec-1] o.s.web.servlet.DispatcherServlet        : FrameworkServlet 'dispatcherServlet': initialization started
2017-06-19 21:53:10.867  INFO 12332 --- [o-auto-1-exec-1] o.s.web.servlet.DispatcherServlet        : FrameworkServlet 'dispatcherServlet': initialization completed in 13 ms
2017-06-19 21:53:10.880 DEBUG 12332 --- [o-auto-1-exec-1] d.cyface.obd2.controller.Obd2Controller  : Hello world
]]></system-out>
  <system-err><![CDATA[]]></system-err>
</testsuite>
