<?xml version="1.0" encoding="UTF-8"?>
<testsuite name="de.cyface.MessboxServerApplicationTests" tests="1" skipped="0" failures="0" errors="0" timestamp="2017-04-27T18:04:45" hostname="LAPTOP-QU4DF8U6" time="0.017">
  <properties/>
  <testcase name="contextLoads" classname="de.cyface.MessboxServerApplicationTests" time="0.017"/>
  <system-out><![CDATA[23:34:41.852 [Test worker] DEBUG org.springframework.test.context.junit4.SpringJUnit4ClassRunner - SpringJUnit4ClassRunner constructor called with [class de.cyface.MessboxServerApplicationTests]
23:34:41.861 [Test worker] DEBUG org.springframework.test.context.BootstrapUtils - Instantiating CacheAwareContextLoaderDelegate from class [org.springframework.test.context.cache.DefaultCacheAwareContextLoaderDelegate]
23:34:41.874 [Test worker] DEBUG org.springframework.test.context.BootstrapUtils - Instantiating BootstrapContext using constructor [public org.springframework.test.context.support.DefaultBootstrapContext(java.lang.Class,org.springframework.test.context.CacheAwareContextLoaderDelegate)]
23:34:41.897 [Test worker] DEBUG org.springframework.test.context.BootstrapUtils - Instantiating TestContextBootstrapper for test class [de.cyface.MessboxServerApplicationTests] from class [org.springframework.boot.test.context.SpringBootTestContextBootstrapper]
23:34:41.915 [Test worker] INFO org.springframework.boot.test.context.SpringBootTestContextBootstrapper - Neither @ContextConfiguration nor @ContextHierarchy found for test class [de.cyface.MessboxServerApplicationTests], using SpringBootContextLoader
23:34:41.922 [Test worker] DEBUG org.springframework.test.context.support.AbstractContextLoader - Did not detect default resource location for test class [de.cyface.MessboxServerApplicationTests]: class path resource [de/cyface/MessboxServerApplicationTests-context.xml] does not exist
23:34:41.923 [Test worker] DEBUG org.springframework.test.context.support.AbstractContextLoader - Did not detect default resource location for test class [de.cyface.MessboxServerApplicationTests]: class path resource [de/cyface/MessboxServerApplicationTestsContext.groovy] does not exist
23:34:41.923 [Test worker] INFO org.springframework.test.context.support.AbstractContextLoader - Could not detect default resource locations for test class [de.cyface.MessboxServerApplicationTests]: no resource found for suffixes {-context.xml, Context.groovy}.
23:34:41.924 [Test worker] INFO org.springframework.test.context.support.AnnotationConfigContextLoaderUtils - Could not detect default configuration classes for test class [de.cyface.MessboxServerApplicationTests]: MessboxServerApplicationTests does not declare any static, non-private, non-final, nested classes annotated with @Configuration.
23:34:41.976 [Test worker] DEBUG org.springframework.test.context.support.ActiveProfilesUtils - Could not find an 'annotation declaring class' for annotation type [org.springframework.test.context.ActiveProfiles] and class [de.cyface.MessboxServerApplicationTests]
23:34:42.042 [Test worker] DEBUG org.springframework.core.env.StandardEnvironment - Adding [systemProperties] PropertySource with lowest search precedence
23:34:42.043 [Test worker] DEBUG org.springframework.core.env.StandardEnvironment - Adding [systemEnvironment] PropertySource with lowest search precedence
23:34:42.043 [Test worker] DEBUG org.springframework.core.env.StandardEnvironment - Initialized StandardEnvironment with PropertySources [systemProperties,systemEnvironment]
23:34:42.058 [Test worker] DEBUG org.springframework.core.io.support.PathMatchingResourcePatternResolver - Resolved classpath location [de/cyface/] to resources [URL [file:/C:/Users/goget/Documents/GitHub/freematics-server/build/classes/test/de/cyface/], URL [file:/C:/Users/goget/Documents/GitHub/freematics-server/build/classes/main/de/cyface/]]
23:34:42.058 [Test worker] DEBUG org.springframework.core.io.support.PathMatchingResourcePatternResolver - Looking for matching resources in directory tree [C:\Users\goget\Documents\GitHub\freematics-server\build\classes\test\de\cyface]
23:34:42.059 [Test worker] DEBUG org.springframework.core.io.support.PathMatchingResourcePatternResolver - Searching directory [C:\Users\goget\Documents\GitHub\freematics-server\build\classes\test\de\cyface] for files matching pattern [C:/Users/goget/Documents/GitHub/freematics-server/build/classes/test/de/cyface/*.class]
23:34:42.063 [Test worker] DEBUG org.springframework.core.io.support.PathMatchingResourcePatternResolver - Looking for matching resources in directory tree [C:\Users\goget\Documents\GitHub\freematics-server\build\classes\main\de\cyface]
23:34:42.063 [Test worker] DEBUG org.springframework.core.io.support.PathMatchingResourcePatternResolver - Searching directory [C:\Users\goget\Documents\GitHub\freematics-server\build\classes\main\de\cyface] for files matching pattern [C:/Users/goget/Documents/GitHub/freematics-server/build/classes/main/de/cyface/*.class]
23:34:42.064 [Test worker] DEBUG org.springframework.core.io.support.PathMatchingResourcePatternResolver - Resolved location pattern [classpath*:de/cyface/*.class] to resources [file [C:\Users\goget\Documents\GitHub\freematics-server\build\classes\test\de\cyface\MessboxServerApplicationTests.class], file [C:\Users\goget\Documents\GitHub\freematics-server\build\classes\main\de\cyface\MessboxServerApplication.class]]
23:34:42.132 [Test worker] DEBUG org.springframework.context.annotation.ClassPathScanningCandidateComponentProvider - Identified candidate component class: file [C:\Users\goget\Documents\GitHub\freematics-server\build\classes\main\de\cyface\MessboxServerApplication.class]
23:34:42.133 [Test worker] INFO org.springframework.boot.test.context.SpringBootTestContextBootstrapper - Found @SpringBootConfiguration de.cyface.MessboxServerApplication for test class de.cyface.MessboxServerApplicationTests
23:34:42.139 [Test worker] DEBUG org.springframework.boot.test.context.SpringBootTestContextBootstrapper - @TestExecutionListeners is not present for class [de.cyface.MessboxServerApplicationTests]: using defaults.
23:34:42.145 [Test worker] INFO org.springframework.boot.test.context.SpringBootTestContextBootstrapper - Loaded default TestExecutionListener class names from location [META-INF/spring.factories]: [org.springframework.boot.test.mock.mockito.MockitoTestExecutionListener, org.springframework.boot.test.mock.mockito.ResetMocksTestExecutionListener, org.springframework.boot.test.autoconfigure.AutoConfigureReportTestExecutionListener, org.springframework.boot.test.autoconfigure.restdocs.RestDocsTestExecutionListener, org.springframework.boot.test.autoconfigure.web.client.MockRestServiceServerResetTestExecutionListener, org.springframework.test.context.web.ServletTestExecutionListener, org.springframework.test.context.support.DirtiesContextBeforeModesTestExecutionListener, org.springframework.test.context.support.DependencyInjectionTestExecutionListener, org.springframework.test.context.support.DirtiesContextTestExecutionListener, org.springframework.test.context.transaction.TransactionalTestExecutionListener, org.springframework.test.context.jdbc.SqlScriptsTestExecutionListener]
23:34:42.159 [Test worker] INFO org.springframework.boot.test.context.SpringBootTestContextBootstrapper - Could not instantiate TestExecutionListener [org.springframework.test.context.jdbc.SqlScriptsTestExecutionListener]. Specify custom listener classes or make the default listener classes (and their required dependencies) available. Offending class: [org/springframework/transaction/interceptor/TransactionAttribute]
23:34:42.160 [Test worker] INFO org.springframework.boot.test.context.SpringBootTestContextBootstrapper - Could not instantiate TestExecutionListener [org.springframework.test.context.transaction.TransactionalTestExecutionListener]. Specify custom listener classes or make the default listener classes (and their required dependencies) available. Offending class: [org/springframework/transaction/interceptor/TransactionAttributeSource]
23:34:42.160 [Test worker] INFO org.springframework.boot.test.context.SpringBootTestContextBootstrapper - Using TestExecutionListeners: [org.springframework.test.context.web.ServletTestExecutionListener@50c39a67, org.springframework.test.context.support.DirtiesContextBeforeModesTestExecutionListener@6003f9ca, org.springframework.boot.test.autoconfigure.AutoConfigureReportTestExecutionListener@526650fb, org.springframework.test.context.support.DependencyInjectionTestExecutionListener@ff7678e, org.springframework.test.context.support.DirtiesContextTestExecutionListener@432bd4b5, org.springframework.boot.test.mock.mockito.MockitoTestExecutionListener@3c99a8b3, org.springframework.boot.test.autoconfigure.web.client.MockRestServiceServerResetTestExecutionListener@5c98d653, org.springframework.boot.test.mock.mockito.ResetMocksTestExecutionListener@68e70159, org.springframework.boot.test.autoconfigure.restdocs.RestDocsTestExecutionListener@75f4ee8c]
23:34:42.164 [Test worker] DEBUG org.springframework.test.annotation.ProfileValueUtils - Retrieved @ProfileValueSourceConfiguration [null] for test class [de.cyface.MessboxServerApplicationTests]
23:34:42.165 [Test worker] DEBUG org.springframework.test.annotation.ProfileValueUtils - Retrieved ProfileValueSource type [class org.springframework.test.annotation.SystemProfileValueSource] for class [de.cyface.MessboxServerApplicationTests]
23:34:42.166 [Test worker] DEBUG org.springframework.test.annotation.ProfileValueUtils - Retrieved @ProfileValueSourceConfiguration [null] for test class [de.cyface.MessboxServerApplicationTests]
23:34:42.166 [Test worker] DEBUG org.springframework.test.annotation.ProfileValueUtils - Retrieved ProfileValueSource type [class org.springframework.test.annotation.SystemProfileValueSource] for class [de.cyface.MessboxServerApplicationTests]
23:34:42.172 [Test worker] DEBUG org.springframework.test.context.support.AbstractDirtiesContextTestExecutionListener - Before test class: context [DefaultTestContext@5aec2420 testClass = MessboxServerApplicationTests, testInstance = [null], testMethod = [null], testException = [null], mergedContextConfiguration = [WebMergedContextConfiguration@733d5cde testClass = MessboxServerApplicationTests, locations = '{}', classes = '{class de.cyface.MessboxServerApplication}', contextInitializerClasses = '[]', activeProfiles = '{}', propertySourceLocations = '{}', propertySourceProperties = '{org.springframework.boot.test.context.SpringBootTestContextBootstrapper=true}', contextCustomizers = set[org.springframework.boot.test.context.SpringBootTestContextCustomizer@202661c3, org.springframework.boot.test.context.filter.ExcludeFilterContextCustomizer@58fc9c9b, org.springframework.boot.test.mock.mockito.MockitoContextCustomizer@0, org.springframework.boot.test.autoconfigure.properties.PropertyMappingContextCustomizer@0], resourceBasePath = 'src/main/webapp', contextLoader = 'org.springframework.boot.test.context.SpringBootContextLoader', parent = [null]]], class annotated with @DirtiesContext [false] with mode [null].
23:34:42.173 [Test worker] DEBUG org.springframework.test.annotation.ProfileValueUtils - Retrieved @ProfileValueSourceConfiguration [null] for test class [de.cyface.MessboxServerApplicationTests]
23:34:42.173 [Test worker] DEBUG org.springframework.test.annotation.ProfileValueUtils - Retrieved ProfileValueSource type [class org.springframework.test.annotation.SystemProfileValueSource] for class [de.cyface.MessboxServerApplicationTests]
23:34:42.211 [Test worker] DEBUG org.springframework.core.env.StandardEnvironment - Adding [systemProperties] PropertySource with lowest search precedence
23:34:42.211 [Test worker] DEBUG org.springframework.core.env.StandardEnvironment - Adding [systemEnvironment] PropertySource with lowest search precedence
23:34:42.211 [Test worker] DEBUG org.springframework.core.env.StandardEnvironment - Initialized StandardEnvironment with PropertySources [systemProperties,systemEnvironment]
23:34:42.212 [Test worker] DEBUG org.springframework.test.context.support.TestPropertySourceUtils - Adding inlined properties to environment: {spring.jmx.enabled=false, org.springframework.boot.test.context.SpringBootTestContextBootstrapper=true, server.port=-1}
23:34:42.213 [Test worker] DEBUG org.springframework.core.env.StandardEnvironment - Adding [Inlined Test Properties] PropertySource with highest search precedence

  .   ____          _            __ _ _
 /\\ / ___'_ __ _ _(_)_ __  __ _ \ \ \ \
( ( )\___ | '_ | '_| | '_ \/ _` | \ \ \ \
 \\/  ___)| |_)| | | | | || (_| |  ) ) ) )
  '  |____| .__|_| |_|_| |_\__, | / / / /
 =========|_|==============|___/=/_/_/_/
 :: Spring Boot ::        (v1.4.0.RELEASE)

2017-04-27 23:34:42.865  INFO 11648 --- [    Test worker] de.cyface.MessboxServerApplicationTests  : Starting MessboxServerApplicationTests on LAPTOP-QU4DF8U6 with PID 11648 (started by gogetoss4 in C:\Users\goget\Documents\GitHub\freematics-server)
2017-04-27 23:34:42.866 DEBUG 11648 --- [    Test worker] de.cyface.MessboxServerApplicationTests  : Running with Spring Boot v1.4.0.RELEASE, Spring v4.3.2.RELEASE
2017-04-27 23:34:42.866  INFO 11648 --- [    Test worker] de.cyface.MessboxServerApplicationTests  : No active profile set, falling back to default profiles: default
2017-04-27 23:34:42.926  INFO 11648 --- [    Test worker] o.s.w.c.s.GenericWebApplicationContext   : Refreshing org.springframework.web.context.support.GenericWebApplicationContext@281c3ef4: startup date [Thu Apr 27 23:34:42 IST 2017]; root of context hierarchy
2017-04-27 23:34:44.822  INFO 11648 --- [    Test worker] s.w.s.m.m.a.RequestMappingHandlerAdapter : Looking for @ControllerAdvice: org.springframework.web.context.support.GenericWebApplicationContext@281c3ef4: startup date [Thu Apr 27 23:34:42 IST 2017]; root of context hierarchy
2017-04-27 23:34:44.916  INFO 11648 --- [    Test worker] s.w.s.m.m.a.RequestMappingHandlerMapping : Mapped "{[/push],methods=[GET]}" onto public java.lang.String de.cyface.obd2.controller.Obd2Controller.push(java.lang.String)
2017-04-27 23:34:44.917  INFO 11648 --- [    Test worker] s.w.s.m.m.a.RequestMappingHandlerMapping : Mapped "{[/],methods=[GET]}" onto public void de.cyface.obd2.controller.Obd2Controller.root(java.io.Writer) throws java.io.IOException
2017-04-27 23:34:44.918  INFO 11648 --- [    Test worker] s.w.s.m.m.a.RequestMappingHandlerMapping : Mapped "{[/post],methods=[POST]}" onto public void de.cyface.obd2.controller.Obd2Controller.post(java.lang.String,int)
2017-04-27 23:34:44.918  INFO 11648 --- [    Test worker] s.w.s.m.m.a.RequestMappingHandlerMapping : Mapped "{[/tests],methods=[POST]}" onto public void de.cyface.obd2.controller.Obd2Controller.tests(java.lang.String)
2017-04-27 23:34:44.920  INFO 11648 --- [    Test worker] s.w.s.m.m.a.RequestMappingHandlerMapping : Mapped "{[/error]}" onto public org.springframework.http.ResponseEntity<java.util.Map<java.lang.String, java.lang.Object>> org.springframework.boot.autoconfigure.web.BasicErrorController.error(javax.servlet.http.HttpServletRequest)
2017-04-27 23:34:44.921  INFO 11648 --- [    Test worker] s.w.s.m.m.a.RequestMappingHandlerMapping : Mapped "{[/error],produces=[text/html]}" onto public org.springframework.web.servlet.ModelAndView org.springframework.boot.autoconfigure.web.BasicErrorController.errorHtml(javax.servlet.http.HttpServletRequest,javax.servlet.http.HttpServletResponse)
2017-04-27 23:34:44.953  INFO 11648 --- [    Test worker] o.s.w.s.handler.SimpleUrlHandlerMapping  : Mapped URL path [/webjars/**] onto handler of type [class org.springframework.web.servlet.resource.ResourceHttpRequestHandler]
2017-04-27 23:34:44.953  INFO 11648 --- [    Test worker] o.s.w.s.handler.SimpleUrlHandlerMapping  : Mapped URL path [/**] onto handler of type [class org.springframework.web.servlet.resource.ResourceHttpRequestHandler]
2017-04-27 23:34:44.993  INFO 11648 --- [    Test worker] o.s.w.s.handler.SimpleUrlHandlerMapping  : Mapped URL path [/**/favicon.ico] onto handler of type [class org.springframework.web.servlet.resource.ResourceHttpRequestHandler]
2017-04-27 23:34:45.139  INFO 11648 --- [    Test worker] de.cyface.MessboxServerApplicationTests  : Started MessboxServerApplicationTests in 2.906 seconds (JVM running for 4.288)
]]></system-out>
  <system-err><![CDATA[]]></system-err>
</testsuite>
