<?xml version="1.0" encoding="UTF-8"?>
<testsuite name="de.cyface.obd2.controller.Obd2PostControllerTest" tests="2" skipped="0" failures="0" errors="0" timestamp="2017-06-19T16:23:08" hostname="LAPTOP-QU4DF8U6" time="0.213">
  <properties/>
  <testcase name="postDataWithUnknownEntry" classname="de.cyface.obd2.controller.Obd2PostControllerTest" time="0.204"/>
  <testcase name="postNormalDataEntry" classname="de.cyface.obd2.controller.Obd2PostControllerTest" time="0.008"/>
  <system-out><![CDATA[2017-06-19 21:53:07.814  INFO 12332 --- [    Test worker] .b.t.a.w.s.WebMvcTestContextBootstrapper : Neither @ContextConfiguration nor @ContextHierarchy found for test class [de.cyface.obd2.controller.Obd2PostControllerTest], using SpringBootContextLoader
2017-06-19 21:53:07.815  INFO 12332 --- [    Test worker] o.s.t.c.support.AbstractContextLoader    : Could not detect default resource locations for test class [de.cyface.obd2.controller.Obd2PostControllerTest]: no resource found for suffixes {-context.xml, Context.groovy}.
2017-06-19 21:53:07.816  INFO 12332 --- [    Test worker] t.c.s.AnnotationConfigContextLoaderUtils : Could not detect default configuration classes for test class [de.cyface.obd2.controller.Obd2PostControllerTest]: Obd2PostControllerTest does not declare any static, non-private, non-final, nested classes annotated with @Configuration.
2017-06-19 21:53:07.849  INFO 12332 --- [    Test worker] .b.t.c.SpringBootTestContextBootstrapper : Found @SpringBootConfiguration de.cyface.MessboxServerApplication for test class de.cyface.obd2.controller.Obd2PostControllerTest
2017-06-19 21:53:07.852  INFO 12332 --- [    Test worker] .b.t.a.w.s.WebMvcTestContextBootstrapper : Loaded default TestExecutionListener class names from location [META-INF/spring.factories]: [org.springframework.boot.test.mock.mockito.MockitoTestExecutionListener, org.springframework.boot.test.mock.mockito.ResetMocksTestExecutionListener, org.springframework.boot.test.autoconfigure.AutoConfigureReportTestExecutionListener, org.springframework.boot.test.autoconfigure.restdocs.RestDocsTestExecutionListener, org.springframework.boot.test.autoconfigure.web.client.MockRestServiceServerResetTestExecutionListener, org.springframework.test.context.web.ServletTestExecutionListener, org.springframework.test.context.support.DirtiesContextBeforeModesTestExecutionListener, org.springframework.test.context.support.DependencyInjectionTestExecutionListener, org.springframework.test.context.support.DirtiesContextTestExecutionListener, org.springframework.test.context.transaction.TransactionalTestExecutionListener, org.springframework.test.context.jdbc.SqlScriptsTestExecutionListener]
2017-06-19 21:53:07.852  INFO 12332 --- [    Test worker] .b.t.a.w.s.WebMvcTestContextBootstrapper : Could not instantiate TestExecutionListener [org.springframework.test.context.transaction.TransactionalTestExecutionListener]. Specify custom listener classes or make the default listener classes (and their required dependencies) available. Offending class: [org/springframework/transaction/interceptor/TransactionAttributeSource]
2017-06-19 21:53:07.853  INFO 12332 --- [    Test worker] .b.t.a.w.s.WebMvcTestContextBootstrapper : Could not instantiate TestExecutionListener [org.springframework.test.context.jdbc.SqlScriptsTestExecutionListener]. Specify custom listener classes or make the default listener classes (and their required dependencies) available. Offending class: [org/springframework/transaction/interceptor/TransactionAttribute]
2017-06-19 21:53:07.853  INFO 12332 --- [    Test worker] .b.t.a.w.s.WebMvcTestContextBootstrapper : Using TestExecutionListeners: [org.springframework.test.context.web.ServletTestExecutionListener@da5bb6, org.springframework.test.context.support.DirtiesContextBeforeModesTestExecutionListener@4a7000ad, org.springframework.boot.test.autoconfigure.AutoConfigureReportTestExecutionListener@ddec31b, org.springframework.test.context.support.DependencyInjectionTestExecutionListener@79b70e15, org.springframework.test.context.support.DirtiesContextTestExecutionListener@2b62ed7e, org.springframework.boot.test.autoconfigure.web.client.MockRestServiceServerResetTestExecutionListener@615de5d7, org.springframework.boot.test.autoconfigure.restdocs.RestDocsTestExecutionListener@1a6024fc, org.springframework.boot.test.mock.mockito.MockitoTestExecutionListener@5b664603, org.springframework.boot.test.mock.mockito.ResetMocksTestExecutionListener@67d3490c]

  .   ____          _            __ _ _
 /\\ / ___'_ __ _ _(_)_ __  __ _ \ \ \ \
( ( )\___ | '_ | '_| | '_ \/ _` | \ \ \ \
 \\/  ___)| |_)| | | | | || (_| |  ) ) ) )
  '  |____| .__|_| |_|_| |_\__, | / / / /
 =========|_|==============|___/=/_/_/_/
 :: Spring Boot ::        (v1.4.0.RELEASE)

2017-06-19 21:53:07.900  INFO 12332 --- [    Test worker] d.c.o.controller.Obd2PostControllerTest  : Starting Obd2PostControllerTest on LAPTOP-QU4DF8U6 with PID 12332 (started by gogetoss4 in C:\Users\goget\Documents\GitHub\freematics-server)
2017-06-19 21:53:07.901 DEBUG 12332 --- [    Test worker] d.c.o.controller.Obd2PostControllerTest  : Running with Spring Boot v1.4.0.RELEASE, Spring v4.3.2.RELEASE
2017-06-19 21:53:07.901  INFO 12332 --- [    Test worker] d.c.o.controller.Obd2PostControllerTest  : No active profile set, falling back to default profiles: default
2017-06-19 21:53:07.903  INFO 12332 --- [    Test worker] o.s.w.c.s.GenericWebApplicationContext   : Refreshing org.springframework.web.context.support.GenericWebApplicationContext@5b0c5bd4: startup date [Mon Jun 19 21:53:07 IST 2017]; root of context hierarchy
2017-06-19 21:53:08.414  INFO 12332 --- [    Test worker] s.w.s.m.m.a.RequestMappingHandlerAdapter : Looking for @ControllerAdvice: org.springframework.web.context.support.GenericWebApplicationContext@5b0c5bd4: startup date [Mon Jun 19 21:53:07 IST 2017]; root of context hierarchy
2017-06-19 21:53:08.425  INFO 12332 --- [    Test worker] s.w.s.m.m.a.RequestMappingHandlerMapping : Mapped "{[/push],methods=[GET]}" onto public java.lang.String de.cyface.obd2.controller.Obd2Controller.push(java.lang.String)
2017-06-19 21:53:08.425  INFO 12332 --- [    Test worker] s.w.s.m.m.a.RequestMappingHandlerMapping : Mapped "{[/],methods=[GET]}" onto public void de.cyface.obd2.controller.Obd2Controller.root(java.io.Writer) throws java.io.IOException
2017-06-19 21:53:08.425  INFO 12332 --- [    Test worker] s.w.s.m.m.a.RequestMappingHandlerMapping : Mapped "{[/tests],methods=[POST]}" onto public void de.cyface.obd2.controller.Obd2Controller.tests(java.lang.String)
2017-06-19 21:53:08.426  INFO 12332 --- [    Test worker] s.w.s.m.m.a.RequestMappingHandlerMapping : Mapped "{[/post],methods=[POST]}" onto public void de.cyface.obd2.controller.Obd2Controller.post(java.lang.String,int)
2017-06-19 21:53:08.445  INFO 12332 --- [    Test worker] o.s.w.s.handler.SimpleUrlHandlerMapping  : Mapped URL path [/webjars/**] onto handler of type [class org.springframework.web.servlet.resource.ResourceHttpRequestHandler]
2017-06-19 21:53:08.445  INFO 12332 --- [    Test worker] o.s.w.s.handler.SimpleUrlHandlerMapping  : Mapped URL path [/**] onto handler of type [class org.springframework.web.servlet.resource.ResourceHttpRequestHandler]
2017-06-19 21:53:08.468  INFO 12332 --- [    Test worker] o.s.w.s.handler.SimpleUrlHandlerMapping  : Mapped URL path [/**/favicon.ico] onto handler of type [class org.springframework.web.servlet.resource.ResourceHttpRequestHandler]
2017-06-19 21:53:08.531  INFO 12332 --- [    Test worker] o.s.b.t.m.w.SpringBootMockServletContext : Initializing Spring FrameworkServlet ''
2017-06-19 21:53:08.531  INFO 12332 --- [    Test worker] o.s.t.web.servlet.TestDispatcherServlet  : FrameworkServlet '': initialization started
2017-06-19 21:53:08.544  INFO 12332 --- [    Test worker] o.s.t.web.servlet.TestDispatcherServlet  : FrameworkServlet '': initialization completed in 13 ms
2017-06-19 21:53:08.593  INFO 12332 --- [    Test worker] d.c.o.controller.Obd2PostControllerTest  : Started Obd2PostControllerTest in 0.732 seconds (JVM running for 5.595)
2017-06-19 21:53:08.727 DEBUG 12332 --- [    Test worker] d.cyface.obd2.controller.Obd2Controller  : Received data for channel 1
2017-06-19 21:53:08.729 DEBUG 12332 --- [    Test worker] d.cyface.obd2.controller.Obd2Controller  : Received: #6103,ACC,2,-1,109 0,ACC,2,-1,109 0,ACC,2,0,109 0,ACC,2,-1,109 0,ACC,1,0,110 0,ACC,2,-1,109 0,ACC,2,-1,109 0,ACC,2,-1,109 0,ACC,2,-1,109 0,ACC,2,-1,109 0,ACC,2,-1,109 0,ACC,2,-1,109 7728,UTC,7284200 0,LAT,51.025750 0,LNG,13.722881 0,ALT,179 0,DTE,090916
2017-06-19 21:53:08.736 ERROR 12332 --- [    Test worker] d.cyface.obd2.controller.Obd2Controller  : Unable to parse a data entry.

java.lang.IllegalArgumentException: No enum constant de.cyface.obd2.controller.EntryIdentifier.DTE
	at java.lang.Enum.valueOf(Enum.java:238) ~[na:1.8.0_121]
	at de.cyface.obd2.controller.EntryIdentifier.valueOf(Obd2Controller.java:326) ~[main/:na]
	at de.cyface.obd2.controller.Obd2Controller.parseBody(Obd2Controller.java:241) [main/:na]
	at de.cyface.obd2.controller.Obd2Controller.post(Obd2Controller.java:156) [main/:na]
	at sun.reflect.NativeMethodAccessorImpl.invoke0(Native Method) ~[na:1.8.0_121]
	at sun.reflect.NativeMethodAccessorImpl.invoke(NativeMethodAccessorImpl.java:62) ~[na:1.8.0_121]
	at sun.reflect.DelegatingMethodAccessorImpl.invoke(DelegatingMethodAccessorImpl.java:43) ~[na:1.8.0_121]
	at java.lang.reflect.Method.invoke(Method.java:498) ~[na:1.8.0_121]
	at org.springframework.web.method.support.InvocableHandlerMethod.doInvoke(InvocableHandlerMethod.java:221) [spring-web-4.3.2.RELEASE.jar:4.3.2.RELEASE]
	at org.springframework.web.method.support.InvocableHandlerMethod.invokeForRequest(InvocableHandlerMethod.java:136) [spring-web-4.3.2.RELEASE.jar:4.3.2.RELEASE]
	at org.springframework.web.servlet.mvc.method.annotation.ServletInvocableHandlerMethod.invokeAndHandle(ServletInvocableHandlerMethod.java:114) [spring-webmvc-4.3.2.RELEASE.jar:4.3.2.RELEASE]
	at org.springframework.web.servlet.mvc.method.annotation.RequestMappingHandlerAdapter.invokeHandlerMethod(RequestMappingHandlerAdapter.java:827) [spring-webmvc-4.3.2.RELEASE.jar:4.3.2.RELEASE]
	at org.springframework.web.servlet.mvc.method.annotation.RequestMappingHandlerAdapter.handleInternal(RequestMappingHandlerAdapter.java:738) [spring-webmvc-4.3.2.RELEASE.jar:4.3.2.RELEASE]
	at org.springframework.web.servlet.mvc.method.AbstractHandlerMethodAdapter.handle(AbstractHandlerMethodAdapter.java:85) [spring-webmvc-4.3.2.RELEASE.jar:4.3.2.RELEASE]
	at org.springframework.web.servlet.DispatcherServlet.doDispatch(DispatcherServlet.java:963) [spring-webmvc-4.3.2.RELEASE.jar:4.3.2.RELEASE]
	at org.springframework.web.servlet.DispatcherServlet.doService(DispatcherServlet.java:897) [spring-webmvc-4.3.2.RELEASE.jar:4.3.2.RELEASE]
	at org.springframework.web.servlet.FrameworkServlet.processRequest(FrameworkServlet.java:970) [spring-webmvc-4.3.2.RELEASE.jar:4.3.2.RELEASE]
	at org.springframework.web.servlet.FrameworkServlet.doPost(FrameworkServlet.java:872) [spring-webmvc-4.3.2.RELEASE.jar:4.3.2.RELEASE]
	at javax.servlet.http.HttpServlet.service(HttpServlet.java:648) [tomcat-embed-core-8.5.4.jar:8.5.4]
	at org.springframework.web.servlet.FrameworkServlet.service(FrameworkServlet.java:846) [spring-webmvc-4.3.2.RELEASE.jar:4.3.2.RELEASE]
	at org.springframework.test.web.servlet.TestDispatcherServlet.service(TestDispatcherServlet.java:65) [spring-test-4.3.2.RELEASE.jar:4.3.2.RELEASE]
	at javax.servlet.http.HttpServlet.service(HttpServlet.java:729) [tomcat-embed-core-8.5.4.jar:8.5.4]
	at org.springframework.mock.web.MockFilterChain$ServletFilterProxy.doFilter(MockFilterChain.java:167) [spring-test-4.3.2.RELEASE.jar:4.3.2.RELEASE]
	at org.springframework.mock.web.MockFilterChain.doFilter(MockFilterChain.java:134) [spring-test-4.3.2.RELEASE.jar:4.3.2.RELEASE]
	at org.springframework.web.filter.RequestContextFilter.doFilterInternal(RequestContextFilter.java:99) [spring-web-4.3.2.RELEASE.jar:4.3.2.RELEASE]
	at org.springframework.web.filter.OncePerRequestFilter.doFilter(OncePerRequestFilter.java:107) [spring-web-4.3.2.RELEASE.jar:4.3.2.RELEASE]
	at org.springframework.mock.web.MockFilterChain.doFilter(MockFilterChain.java:134) [spring-test-4.3.2.RELEASE.jar:4.3.2.RELEASE]
	at org.springframework.web.filter.HttpPutFormContentFilter.doFilterInternal(HttpPutFormContentFilter.java:87) [spring-web-4.3.2.RELEASE.jar:4.3.2.RELEASE]
	at org.springframework.web.filter.OncePerRequestFilter.doFilter(OncePerRequestFilter.java:107) [spring-web-4.3.2.RELEASE.jar:4.3.2.RELEASE]
	at org.springframework.mock.web.MockFilterChain.doFilter(MockFilterChain.java:134) [spring-test-4.3.2.RELEASE.jar:4.3.2.RELEASE]
	at org.springframework.web.filter.HiddenHttpMethodFilter.doFilterInternal(HiddenHttpMethodFilter.java:77) [spring-web-4.3.2.RELEASE.jar:4.3.2.RELEASE]
	at org.springframework.web.filter.OncePerRequestFilter.doFilter(OncePerRequestFilter.java:107) [spring-web-4.3.2.RELEASE.jar:4.3.2.RELEASE]
	at org.springframework.mock.web.MockFilterChain.doFilter(MockFilterChain.java:134) [spring-test-4.3.2.RELEASE.jar:4.3.2.RELEASE]
	at org.springframework.test.web.servlet.MockMvc.perform(MockMvc.java:155) [spring-test-4.3.2.RELEASE.jar:4.3.2.RELEASE]
	at de.cyface.obd2.controller.Obd2PostControllerTest.postDataWithUnknownEntry(Obd2PostControllerTest.java:79) [test/:na]
	at sun.reflect.NativeMethodAccessorImpl.invoke0(Native Method) ~[na:1.8.0_121]
	at sun.reflect.NativeMethodAccessorImpl.invoke(NativeMethodAccessorImpl.java:62) ~[na:1.8.0_121]
	at sun.reflect.DelegatingMethodAccessorImpl.invoke(DelegatingMethodAccessorImpl.java:43) ~[na:1.8.0_121]
	at java.lang.reflect.Method.invoke(Method.java:498) ~[na:1.8.0_121]
	at org.junit.runners.model.FrameworkMethod$1.runReflectiveCall(FrameworkMethod.java:50) [junit-4.12.jar:4.12]
	at org.junit.internal.runners.model.ReflectiveCallable.run(ReflectiveCallable.java:12) [junit-4.12.jar:4.12]
	at org.junit.runners.model.FrameworkMethod.invokeExplosively(FrameworkMethod.java:47) [junit-4.12.jar:4.12]
	at org.junit.internal.runners.statements.InvokeMethod.evaluate(InvokeMethod.java:17) [junit-4.12.jar:4.12]
	at org.springframework.test.context.junit4.statements.RunBeforeTestMethodCallbacks.evaluate(RunBeforeTestMethodCallbacks.java:75) [spring-test-4.3.2.RELEASE.jar:4.3.2.RELEASE]
	at org.springframework.test.context.junit4.statements.RunAfterTestMethodCallbacks.evaluate(RunAfterTestMethodCallbacks.java:86) [spring-test-4.3.2.RELEASE.jar:4.3.2.RELEASE]
	at org.springframework.test.context.junit4.statements.SpringRepeat.evaluate(SpringRepeat.java:84) [spring-test-4.3.2.RELEASE.jar:4.3.2.RELEASE]
	at org.junit.runners.ParentRunner.runLeaf(ParentRunner.java:325) [junit-4.12.jar:4.12]
	at org.springframework.test.context.junit4.SpringJUnit4ClassRunner.runChild(SpringJUnit4ClassRunner.java:252) [spring-test-4.3.2.RELEASE.jar:4.3.2.RELEASE]
	at org.springframework.test.context.junit4.SpringJUnit4ClassRunner.runChild(SpringJUnit4ClassRunner.java:94) [spring-test-4.3.2.RELEASE.jar:4.3.2.RELEASE]
	at org.junit.runners.ParentRunner$3.run(ParentRunner.java:290) [junit-4.12.jar:4.12]
	at org.junit.runners.ParentRunner$1.schedule(ParentRunner.java:71) [junit-4.12.jar:4.12]
	at org.junit.runners.ParentRunner.runChildren(ParentRunner.java:288) [junit-4.12.jar:4.12]
	at org.junit.runners.ParentRunner.access$000(ParentRunner.java:58) [junit-4.12.jar:4.12]
	at org.junit.runners.ParentRunner$2.evaluate(ParentRunner.java:268) [junit-4.12.jar:4.12]
	at org.springframework.test.context.junit4.statements.RunBeforeTestClassCallbacks.evaluate(RunBeforeTestClassCallbacks.java:61) [spring-test-4.3.2.RELEASE.jar:4.3.2.RELEASE]
	at org.springframework.test.context.junit4.statements.RunAfterTestClassCallbacks.evaluate(RunAfterTestClassCallbacks.java:70) [spring-test-4.3.2.RELEASE.jar:4.3.2.RELEASE]
	at org.junit.runners.ParentRunner.run(ParentRunner.java:363) [junit-4.12.jar:4.12]
	at org.springframework.test.context.junit4.SpringJUnit4ClassRunner.run(SpringJUnit4ClassRunner.java:191) [spring-test-4.3.2.RELEASE.jar:4.3.2.RELEASE]
	at org.gradle.api.internal.tasks.testing.junit.JUnitTestClassExecuter.runTestClass(JUnitTestClassExecuter.java:112) [gradle-testing-jvm-2.13.jar:2.13]
	at org.gradle.api.internal.tasks.testing.junit.JUnitTestClassExecuter.execute(JUnitTestClassExecuter.java:56) [gradle-testing-jvm-2.13.jar:2.13]
	at org.gradle.api.internal.tasks.testing.junit.JUnitTestClassProcessor.processTestClass(JUnitTestClassProcessor.java:66) [gradle-testing-jvm-2.13.jar:2.13]
	at org.gradle.api.internal.tasks.testing.SuiteTestClassProcessor.processTestClass(SuiteTestClassProcessor.java:51) [gradle-testing-base-2.13.jar:2.13]
	at sun.reflect.NativeMethodAccessorImpl.invoke0(Native Method) ~[na:1.8.0_121]
	at sun.reflect.NativeMethodAccessorImpl.invoke(NativeMethodAccessorImpl.java:62) ~[na:1.8.0_121]
	at sun.reflect.DelegatingMethodAccessorImpl.invoke(DelegatingMethodAccessorImpl.java:43) ~[na:1.8.0_121]
	at java.lang.reflect.Method.invoke(Method.java:498) ~[na:1.8.0_121]
	at org.gradle.messaging.dispatch.ReflectionDispatch.dispatch(ReflectionDispatch.java:35) [gradle-messaging-2.13.jar:2.13]
	at org.gradle.messaging.dispatch.ReflectionDispatch.dispatch(ReflectionDispatch.java:24) [gradle-messaging-2.13.jar:2.13]
	at org.gradle.messaging.dispatch.ContextClassLoaderDispatch.dispatch(ContextClassLoaderDispatch.java:32) [gradle-messaging-2.13.jar:2.13]
	at org.gradle.messaging.dispatch.ProxyDispatchAdapter$DispatchingInvocationHandler.invoke(ProxyDispatchAdapter.java:93) [gradle-messaging-2.13.jar:2.13]
	at com.sun.proxy.$Proxy2.processTestClass(Unknown Source) [na:na]
	at org.gradle.api.internal.tasks.testing.worker.TestWorker.processTestClass(TestWorker.java:109) [gradle-testing-base-2.13.jar:2.13]
	at sun.reflect.NativeMethodAccessorImpl.invoke0(Native Method) ~[na:1.8.0_121]
	at sun.reflect.NativeMethodAccessorImpl.invoke(NativeMethodAccessorImpl.java:62) ~[na:1.8.0_121]
	at sun.reflect.DelegatingMethodAccessorImpl.invoke(DelegatingMethodAccessorImpl.java:43) ~[na:1.8.0_121]
	at java.lang.reflect.Method.invoke(Method.java:498) ~[na:1.8.0_121]
	at org.gradle.messaging.dispatch.ReflectionDispatch.dispatch(ReflectionDispatch.java:35) [gradle-messaging-2.13.jar:2.13]
	at org.gradle.messaging.dispatch.ReflectionDispatch.dispatch(ReflectionDispatch.java:24) [gradle-messaging-2.13.jar:2.13]
	at org.gradle.messaging.remote.internal.hub.MessageHub$Handler.run(MessageHub.java:364) [gradle-messaging-2.13.jar:2.13]
	at org.gradle.internal.concurrent.ExecutorPolicy$CatchAndRecordFailures.onExecute(ExecutorPolicy.java:54) [gradle-base-services-2.13.jar:2.13]
	at org.gradle.internal.concurrent.StoppableExecutorImpl$1.run(StoppableExecutorImpl.java:40) [gradle-base-services-2.13.jar:2.13]
	at java.util.concurrent.ThreadPoolExecutor.runWorker(ThreadPoolExecutor.java:1142) [na:1.8.0_121]
	at java.util.concurrent.ThreadPoolExecutor$Worker.run(ThreadPoolExecutor.java:617) [na:1.8.0_121]
	at java.lang.Thread.run(Thread.java:745) [na:1.8.0_121]


MockHttpServletRequest:
      HTTP Method = POST
      Request URI = /post
       Parameters = {id=[1]}
          Headers = {}

Handler:
             Type = de.cyface.obd2.controller.Obd2Controller
           Method = public void de.cyface.obd2.controller.Obd2Controller.post(java.lang.String,int)

Async:
    Async started = false
     Async result = null

Resolved Exception:
             Type = null

ModelAndView:
        View name = null
             View = null
            Model = null

FlashMap:
       Attributes = null

MockHttpServletResponse:
           Status = 200
    Error message = null
          Headers = {}
     Content type = null
             Body = 
    Forwarded URL = null
   Redirected URL = null
          Cookies = []
2017-06-19 21:53:08.805 DEBUG 12332 --- [    Test worker] d.cyface.obd2.controller.Obd2Controller  : Received data for channel 1
2017-06-19 21:53:08.805 DEBUG 12332 --- [    Test worker] d.cyface.obd2.controller.Obd2Controller  : Received: #75831,ACC,2,0,109 0,ACC,2,-1,108 0,ACC,2,-1,110 0,ACC,2,-1,109 0,ACC,2,-1,109 0,ACC,2,-2,109 0,ACC,2,-1,110 0,ACC,2,-1,109 0,ACC,1,-1,109 0,ACC,2,-1,109 0,ACC,1,0,109 0,ACC,2,-1,110 7732,UTC,7295170 0,LAT,51.025763 0,LNG,13.723145 0,ALT,179

MockHttpServletRequest:
      HTTP Method = POST
      Request URI = /post
       Parameters = {id=[1]}
          Headers = {}

Handler:
             Type = de.cyface.obd2.controller.Obd2Controller
           Method = public void de.cyface.obd2.controller.Obd2Controller.post(java.lang.String,int)

Async:
    Async started = false
     Async result = null

Resolved Exception:
             Type = null

ModelAndView:
        View name = null
             View = null
            Model = null

FlashMap:
       Attributes = null

MockHttpServletResponse:
           Status = 200
    Error message = null
          Headers = {}
     Content type = null
             Body = 
    Forwarded URL = null
   Redirected URL = null
          Cookies = []
]]></system-out>
  <system-err><![CDATA[]]></system-err>
</testsuite>
