<?xml version="1.0" encoding="UTF-8"?>
<testsuite name="de.cyface.obd2.controller.Obd2PushControllerTest" tests="2" skipped="0" failures="0" errors="0" timestamp="2017-06-19T16:23:09" hostname="LAPTOP-QU4DF8U6" time="0.025">
  <properties/>
  <testcase name="testPushWithCorrectVin" classname="de.cyface.obd2.controller.Obd2PushControllerTest" time="0.011"/>
  <testcase name="testPushWithMissingVin" classname="de.cyface.obd2.controller.Obd2PushControllerTest" time="0.012"/>
  <system-out><![CDATA[2017-06-19 21:53:08.812  INFO 12332 --- [    Test worker] .b.t.a.w.s.WebMvcTestContextBootstrapper : Neither @ContextConfiguration nor @ContextHierarchy found for test class [de.cyface.obd2.controller.Obd2PushControllerTest], using SpringBootContextLoader
2017-06-19 21:53:08.813  INFO 12332 --- [    Test worker] o.s.t.c.support.AbstractContextLoader    : Could not detect default resource locations for test class [de.cyface.obd2.controller.Obd2PushControllerTest]: no resource found for suffixes {-context.xml, Context.groovy}.
2017-06-19 21:53:08.813  INFO 12332 --- [    Test worker] t.c.s.AnnotationConfigContextLoaderUtils : Could not detect default configuration classes for test class [de.cyface.obd2.controller.Obd2PushControllerTest]: Obd2PushControllerTest does not declare any static, non-private, non-final, nested classes annotated with @Configuration.
2017-06-19 21:53:08.817  INFO 12332 --- [    Test worker] .b.t.c.SpringBootTestContextBootstrapper : Found @SpringBootConfiguration de.cyface.MessboxServerApplication for test class de.cyface.obd2.controller.Obd2PushControllerTest
2017-06-19 21:53:08.819  INFO 12332 --- [    Test worker] .b.t.a.w.s.WebMvcTestContextBootstrapper : Loaded default TestExecutionListener class names from location [META-INF/spring.factories]: [org.springframework.boot.test.mock.mockito.MockitoTestExecutionListener, org.springframework.boot.test.mock.mockito.ResetMocksTestExecutionListener, org.springframework.boot.test.autoconfigure.AutoConfigureReportTestExecutionListener, org.springframework.boot.test.autoconfigure.restdocs.RestDocsTestExecutionListener, org.springframework.boot.test.autoconfigure.web.client.MockRestServiceServerResetTestExecutionListener, org.springframework.test.context.web.ServletTestExecutionListener, org.springframework.test.context.support.DirtiesContextBeforeModesTestExecutionListener, org.springframework.test.context.support.DependencyInjectionTestExecutionListener, org.springframework.test.context.support.DirtiesContextTestExecutionListener, org.springframework.test.context.transaction.TransactionalTestExecutionListener, org.springframework.test.context.jdbc.SqlScriptsTestExecutionListener]
2017-06-19 21:53:08.819  INFO 12332 --- [    Test worker] .b.t.a.w.s.WebMvcTestContextBootstrapper : Could not instantiate TestExecutionListener [org.springframework.test.context.transaction.TransactionalTestExecutionListener]. Specify custom listener classes or make the default listener classes (and their required dependencies) available. Offending class: [org/springframework/transaction/interceptor/TransactionAttributeSource]
2017-06-19 21:53:08.820  INFO 12332 --- [    Test worker] .b.t.a.w.s.WebMvcTestContextBootstrapper : Could not instantiate TestExecutionListener [org.springframework.test.context.jdbc.SqlScriptsTestExecutionListener]. Specify custom listener classes or make the default listener classes (and their required dependencies) available. Offending class: [org/springframework/transaction/interceptor/TransactionAttribute]
2017-06-19 21:53:08.820  INFO 12332 --- [    Test worker] .b.t.a.w.s.WebMvcTestContextBootstrapper : Using TestExecutionListeners: [org.springframework.test.context.web.ServletTestExecutionListener@23664cd8, org.springframework.test.context.support.DirtiesContextBeforeModesTestExecutionListener@1c8d64ae, org.springframework.boot.test.autoconfigure.AutoConfigureReportTestExecutionListener@40387c60, org.springframework.test.context.support.DependencyInjectionTestExecutionListener@44b2f7d, org.springframework.test.context.support.DirtiesContextTestExecutionListener@15daa3a0, org.springframework.boot.test.autoconfigure.web.client.MockRestServiceServerResetTestExecutionListener@62050da1, org.springframework.boot.test.autoconfigure.restdocs.RestDocsTestExecutionListener@615db6fd, org.springframework.boot.test.mock.mockito.MockitoTestExecutionListener@3c304d6c, org.springframework.boot.test.mock.mockito.ResetMocksTestExecutionListener@7cb72ee9]

  .   ____          _            __ _ _
 /\\ / ___'_ __ _ _(_)_ __  __ _ \ \ \ \
( ( )\___ | '_ | '_| | '_ \/ _` | \ \ \ \
 \\/  ___)| |_)| | | | | || (_| |  ) ) ) )
  '  |____| .__|_| |_|_| |_\__, | / / / /
 =========|_|==============|___/=/_/_/_/
 :: Spring Boot ::        (v1.4.0.RELEASE)

2017-06-19 21:53:08.864  INFO 12332 --- [    Test worker] d.c.o.controller.Obd2PushControllerTest  : Starting Obd2PushControllerTest on LAPTOP-QU4DF8U6 with PID 12332 (started by gogetoss4 in C:\Users\goget\Documents\GitHub\freematics-server)
2017-06-19 21:53:08.864 DEBUG 12332 --- [    Test worker] d.c.o.controller.Obd2PushControllerTest  : Running with Spring Boot v1.4.0.RELEASE, Spring v4.3.2.RELEASE
2017-06-19 21:53:08.865  INFO 12332 --- [    Test worker] d.c.o.controller.Obd2PushControllerTest  : No active profile set, falling back to default profiles: default
2017-06-19 21:53:08.867  INFO 12332 --- [    Test worker] o.s.w.c.s.GenericWebApplicationContext   : Refreshing org.springframework.web.context.support.GenericWebApplicationContext@5e01e84d: startup date [Mon Jun 19 21:53:08 IST 2017]; root of context hierarchy
2017-06-19 21:53:09.106  INFO 12332 --- [    Test worker] s.w.s.m.m.a.RequestMappingHandlerAdapter : Looking for @ControllerAdvice: org.springframework.web.context.support.GenericWebApplicationContext@5e01e84d: startup date [Mon Jun 19 21:53:08 IST 2017]; root of context hierarchy
2017-06-19 21:53:09.117  INFO 12332 --- [    Test worker] s.w.s.m.m.a.RequestMappingHandlerMapping : Mapped "{[/push],methods=[GET]}" onto public java.lang.String de.cyface.obd2.controller.Obd2Controller.push(java.lang.String)
2017-06-19 21:53:09.117  INFO 12332 --- [    Test worker] s.w.s.m.m.a.RequestMappingHandlerMapping : Mapped "{[/],methods=[GET]}" onto public void de.cyface.obd2.controller.Obd2Controller.root(java.io.Writer) throws java.io.IOException
2017-06-19 21:53:09.117  INFO 12332 --- [    Test worker] s.w.s.m.m.a.RequestMappingHandlerMapping : Mapped "{[/tests],methods=[POST]}" onto public void de.cyface.obd2.controller.Obd2Controller.tests(java.lang.String)
2017-06-19 21:53:09.118  INFO 12332 --- [    Test worker] s.w.s.m.m.a.RequestMappingHandlerMapping : Mapped "{[/post],methods=[POST]}" onto public void de.cyface.obd2.controller.Obd2Controller.post(java.lang.String,int)
2017-06-19 21:53:09.137  INFO 12332 --- [    Test worker] o.s.w.s.handler.SimpleUrlHandlerMapping  : Mapped URL path [/webjars/**] onto handler of type [class org.springframework.web.servlet.resource.ResourceHttpRequestHandler]
2017-06-19 21:53:09.137  INFO 12332 --- [    Test worker] o.s.w.s.handler.SimpleUrlHandlerMapping  : Mapped URL path [/**] onto handler of type [class org.springframework.web.servlet.resource.ResourceHttpRequestHandler]
2017-06-19 21:53:09.160  INFO 12332 --- [    Test worker] o.s.w.s.handler.SimpleUrlHandlerMapping  : Mapped URL path [/**/favicon.ico] onto handler of type [class org.springframework.web.servlet.resource.ResourceHttpRequestHandler]
2017-06-19 21:53:09.204  INFO 12332 --- [    Test worker] o.s.b.t.m.w.SpringBootMockServletContext : Initializing Spring FrameworkServlet ''
2017-06-19 21:53:09.204  INFO 12332 --- [    Test worker] o.s.t.web.servlet.TestDispatcherServlet  : FrameworkServlet '': initialization started
2017-06-19 21:53:09.211  INFO 12332 --- [    Test worker] o.s.t.web.servlet.TestDispatcherServlet  : FrameworkServlet '': initialization completed in 7 ms
2017-06-19 21:53:09.269  INFO 12332 --- [    Test worker] d.c.o.controller.Obd2PushControllerTest  : Started Obd2PushControllerTest in 0.444 seconds (JVM running for 6.271)
2017-06-19 21:53:09.275 DEBUG 12332 --- [    Test worker] d.cyface.obd2.controller.Obd2Controller  : Received request for new Channel with VIN {}.
2017-06-19 21:53:09.276 DEBUG 12332 --- [    Test worker] d.cyface.obd2.controller.Obd2Controller  : New channel with identifier 0 assigned to VIN vin.

MockHttpServletRequest:
      HTTP Method = GET
      Request URI = /push
       Parameters = {VIN=[vin]}
          Headers = {}

Handler:
             Type = de.cyface.obd2.controller.Obd2Controller
           Method = public java.lang.String de.cyface.obd2.controller.Obd2Controller.push(java.lang.String)

Async:
    Async started = false
     Async result = null

Resolved Exception:
             Type = null

ModelAndView:
        View name = null
             View = null
            Model = null

FlashMap:
       Attributes = null

MockHttpServletResponse:
           Status = 200
    Error message = null
          Headers = {Content-Type=[text/plain;charset=UTF-8], Content-Length=[4]}
     Content type = text/plain;charset=UTF-8
             Body = CH:0
    Forwarded URL = null
   Redirected URL = null
          Cookies = []

MockHttpServletRequest:
      HTTP Method = GET
      Request URI = /push
       Parameters = {}
          Headers = {}

Handler:
             Type = de.cyface.obd2.controller.Obd2Controller
           Method = public java.lang.String de.cyface.obd2.controller.Obd2Controller.push(java.lang.String)

Async:
    Async started = false
     Async result = null

Resolved Exception:
             Type = org.springframework.web.bind.MissingServletRequestParameterException

ModelAndView:
        View name = null
             View = null
            Model = null

FlashMap:
       Attributes = null

MockHttpServletResponse:
           Status = 400
    Error message = Required String parameter 'VIN' is not present
          Headers = {}
     Content type = null
             Body = 
    Forwarded URL = null
   Redirected URL = null
          Cookies = []
]]></system-out>
  <system-err><![CDATA[]]></system-err>
</testsuite>
