<?xml version="1.0" encoding="UTF-8"?>
<testsuite name="de.cyface.persistence.ChannelTest" tests="1" skipped="0" failures="0" errors="0" timestamp="2017-06-19T16:23:10" hostname="LAPTOP-QU4DF8U6" time="0.0">
  <properties/>
  <testcase name="testChannelHandlesInputData" classname="de.cyface.persistence.ChannelTest" time="0.0"/>
  <system-out><![CDATA[]]></system-out>
  <system-err><![CDATA[]]></system-err>
</testsuite>
